TN:
SF:C:\Users\Ghost\OneDrive\Escritorio\ITD\Semestre 9\Topicos selectos de app interactivas\Documentos.API\src\DocumentosAPI.Application\DependencyInjectgions\ApplicationServiceExtension.cs
FN:15,AgregarApplication(Microsoft.Extensions.DependencyInjection.IServiceCollection)
FNDA:4,AgregarApplication(Microsoft.Extensions.DependencyInjection.IServiceCollection)
FNF:1
FNH:1
BRF:0
BRH:0
DA:15,4
DA:16,4
DA:18,4
DA:20,4
DA:21,4
DA:23,4
DA:24,4
LH:7
LF:7
end_of_record
SF:C:\Users\Ghost\OneDrive\Escritorio\ITD\Semestre 9\Topicos selectos de app interactivas\Documentos.API\src\DocumentosAPI.Application\Logic\Documentos\Documentos.cs
FN:17,.ctor(DocumentosAPI.Domain.Interfaces.IDocumentoRepository,AutoMapper.IMapper)
FN:41,DescargarDocumentoAsync()
FN:74,EliminarDocumentoAsync()
FN:53,ReemplazarArchivoDocumentoAsync()
FN:24,SubirDocumentoAsync()
FNDA:112,.ctor(DocumentosAPI.Domain.Interfaces.IDocumentoRepository,AutoMapper.IMapper)
FNDA:12,DescargarDocumentoAsync()
FNDA:20,EliminarDocumentoAsync()
FNDA:16,ReemplazarArchivoDocumentoAsync()
FNDA:40,SubirDocumentoAsync()
FNF:5
FNH:5
BRDA:44,44,0,4
BRDA:44,44,1,4
BRDA:77,77,2,4
BRDA:77,77,3,4
BRDA:80,80,4,4
BRDA:80,80,5,4
BRDA:56,56,6,4
BRDA:56,56,7,4
BRDA:59,59,8,4
BRDA:59,59,9,4
BRF:10
BRH:10
DA:17,112
DA:18,112
DA:19,112
DA:20,112
DA:21,112
DA:24,40
DA:25,40
DA:26,40
DA:27,40
DA:28,40
DA:29,40
DA:30,40
DA:31,40
DA:32,40
DA:33,40
DA:35,40
DA:37,40
DA:38,40
DA:41,12
DA:42,12
DA:44,12
DA:45,4
DA:47,8
DA:48,8
DA:53,16
DA:54,16
DA:56,16
DA:57,4
DA:59,12
DA:60,4
DA:62,8
DA:63,8
DA:64,8
DA:65,8
DA:66,8
DA:68,8
DA:70,8
DA:71,8
DA:74,20
DA:75,20
DA:77,20
DA:78,4
DA:80,16
DA:81,4
DA:83,12
DA:84,12
LH:46
LF:46
end_of_record
SF:C:\Users\Ghost\OneDrive\Escritorio\ITD\Semestre 9\Topicos selectos de app interactivas\Documentos.API\src\DocumentosAPI.Application\Mappings\DocumentosMapping.cs
FN:9,.ctor()
FNDA:4,.ctor()
FNF:1
FNH:1
BRF:0
BRH:0
DA:9,4
DA:10,4
DA:11,4
DA:12,4
DA:13,4
DA:14,4
DA:15,4
DA:16,4
DA:17,4
DA:18,4
DA:19,4
DA:20,4
DA:21,4
DA:22,4
DA:23,4
DA:24,4
DA:25,4
DA:26,4
DA:27,4
DA:28,4
DA:29,4
DA:30,4
DA:31,4
DA:32,4
DA:33,4
DA:34,4
DA:35,4
DA:36,4
DA:37,4
DA:38,4
DA:39,4
DA:40,4
DA:41,8
DA:43,4
DA:44,4
DA:45,4
DA:46,4
DA:47,4
DA:48,4
DA:49,4
DA:50,4
DA:51,4
DA:52,4
DA:53,4
DA:54,4
DA:55,4
DA:56,4
DA:57,4
DA:58,4
DA:59,4
DA:60,4
DA:61,4
DA:62,4
DA:63,4
DA:64,8
DA:65,4
LH:56
LF:56
end_of_record
SF:C:\Users\Ghost\OneDrive\Escritorio\ITD\Semestre 9\Topicos selectos de app interactivas\Documentos.API\src\DocumentosAPI.Application\Validators\ReempalazarArchivos.cs
FN:10,.ctor()
FNDA:112,.ctor()
FNF:1
FNH:1
BRF:0
BRH:0
DA:10,112
DA:11,112
DA:12,112
DA:13,112
DA:15,112
DA:16,112
DA:18,112
DA:19,112
DA:20,112
DA:21,112
LH:10
LF:10
end_of_record
SF:C:\Users\Ghost\OneDrive\Escritorio\ITD\Semestre 9\Topicos selectos de app interactivas\Documentos.API\src\DocumentosAPI.Application\Validators\SubirDocumento.cs
FN:10,.ctor()
FNDA:112,.ctor()
FNF:1
FNH:1
BRF:0
BRH:0
DA:10,112
DA:11,112
DA:12,112
DA:13,112
DA:14,112
DA:16,112
DA:17,112
DA:19,112
DA:20,112
DA:22,112
DA:23,112
DA:24,112
DA:26,112
DA:27,112
DA:29,112
DA:30,112
DA:31,168
DA:32,112
LH:18
LF:18
end_of_record
SF:C:\Users\Ghost\OneDrive\Escritorio\ITD\Semestre 9\Topicos selectos de app interactivas\Documentos.API\src\DocumentosAPI.Domain\DTOS\Request\DocumentoActualiazdoRequest.cs
FN:7,get_NuevoContenidoBase64()
FN:8,get_NuevaExtensionArchivo()
FN:9,get_NuevoTamanoArchivoBytes()
FNDA:176,get_NuevoContenidoBase64()
FNDA:128,get_NuevaExtensionArchivo()
FNDA:128,get_NuevoTamanoArchivoBytes()
FNF:3
FNH:3
BRF:0
BRH:0
DA:7,176
DA:8,128
DA:9,128
LH:3
LF:3
end_of_record
SF:C:\Users\Ghost\OneDrive\Escritorio\ITD\Semestre 9\Topicos selectos de app interactivas\Documentos.API\src\DocumentosAPI.Domain\DTOS\Request\DocumentoRequest.cs
FN:7,get_NombreArchivo()
FN:8,get_ContenidoBase64()
FN:9,get_ExtensionArchivo()
FN:10,get_TamanoArchivoBytes()
FN:11,get_TipoDocumento()
FN:12,get_IdEntidadOrigen()
FN:13,get_TipoEntidadOrigen()
FNDA:432,get_NombreArchivo()
FNDA:432,get_ContenidoBase64()
FNDA:320,get_ExtensionArchivo()
FNDA:320,get_TamanoArchivoBytes()
FNDA:320,get_TipoDocumento()
FNDA:248,get_IdEntidadOrigen()
FNDA:340,get_TipoEntidadOrigen()
FNF:7
FNH:7
BRF:0
BRH:0
DA:7,432
DA:8,432
DA:9,320
DA:10,320
DA:11,320
DA:12,248
DA:13,340
LH:7
LF:7
end_of_record
SF:C:\Users\Ghost\OneDrive\Escritorio\ITD\Semestre 9\Topicos selectos de app interactivas\Documentos.API\src\DocumentosAPI.Domain\DTOS\Responses\DocumentoArchivoResponse.cs
FN:7,get_DocumentoId()
FN:8,get_NombreArchivo()
FN:9,get_ContenidoBase64()
FN:10,get_ExtensionArchivo()
FN:11,get_TipoDocumento()
FN:12,get_IdEntidadOrigen()
FN:13,get_TipoEntidadOrigen()
FNDA:16,get_DocumentoId()
FNDA:24,get_NombreArchivo()
FNDA:24,get_ContenidoBase64()
FNDA:16,get_ExtensionArchivo()
FNDA:16,get_TipoDocumento()
FNDA:16,get_IdEntidadOrigen()
FNDA:16,get_TipoEntidadOrigen()
FNF:7
FNH:7
BRF:0
BRH:0
DA:7,16
DA:8,24
DA:9,24
DA:10,16
DA:11,16
DA:12,16
DA:13,16
LH:7
LF:7
end_of_record
SF:C:\Users\Ghost\OneDrive\Escritorio\ITD\Semestre 9\Topicos selectos de app interactivas\Documentos.API\src\DocumentosAPI.Domain\DTOS\Responses\DocumentoResponse.cs
FN:7,get_DocumentoId()
FN:8,get_NombreArchivo()
FN:9,get_ExtensionArchivo()
FN:10,get_TamanoArchivoBytes()
FN:11,get_TipoDocumento()
FN:12,get_EstadoDocumento()
FN:13,get_IdEntidadOrigen()
FN:14,get_TipoEntidadOrigen()
FN:15,get_FechaCreacionDocumento()
FN:16,get_FechaActualizacionDocumento()
FNDA:136,get_DocumentoId()
FNDA:144,get_NombreArchivo()
FNDA:96,get_ExtensionArchivo()
FNDA:96,get_TamanoArchivoBytes()
FNDA:96,get_TipoDocumento()
FNDA:96,get_EstadoDocumento()
FNDA:96,get_IdEntidadOrigen()
FNDA:96,get_TipoEntidadOrigen()
FNDA:96,get_FechaCreacionDocumento()
FNDA:96,get_FechaActualizacionDocumento()
FNF:10
FNH:10
BRF:0
BRH:0
DA:7,136
DA:8,144
DA:9,96
DA:10,96
DA:11,96
DA:12,96
DA:13,96
DA:14,96
DA:15,96
DA:16,96
LH:10
LF:10
end_of_record
SF:C:\Users\Ghost\OneDrive\Escritorio\ITD\Semestre 9\Topicos selectos de app interactivas\Documentos.API\src\DocumentosAPI.Domain\Entities\Documento.cs
FN:7,get_Id()
FN:8,get_NombreArchivo()
FN:9,get_ContenidoBase64()
FN:10,get_ExtensionArchivo()
FN:11,get_TamanoArchivoBytes()
FN:12,get_TipoDocumento()
FN:13,get_EstadoDocumento()
FN:14,get_IdEntidadOrigen()
FN:15,get_TipoEntidadOrigen()
FN:16,get_FechaCreacionDocumento()
FN:17,get_FechaActualizacionDocumento()
FN:18,get_FechaEliminacionDocumento()
FN:30,CrearNuevoDocumento(System.String,System.String,DocumentosAPI.Domain.Enums.ExtensionArchivo,System.Int64,DocumentosAPI.Domain.Enums.TipoDocumento,System.Nullable`1<System.Int64>,System.Nullable`1<DocumentosAPI.Domain.Enums.TipoEntidadOrigen>)
FN:50,ReemplazarArchivoDocumento(System.String,DocumentosAPI.Domain.Enums.ExtensionArchivo,System.Int64)
FN:58,EliminarDocumentoLogicamente()
FN:64,ReconstruirDocumento(DocumentosAPI.Domain.Entities.DocumentoReconstruccionParams)
FN:20,.ctor()
FNDA:228,get_Id()
FNDA:344,get_NombreArchivo()
FNDA:312,get_ContenidoBase64()
FNDA:236,get_ExtensionArchivo()
FNDA:228,get_TamanoArchivoBytes()
FNDA:220,get_TipoDocumento()
FNDA:240,get_EstadoDocumento()
FNDA:220,get_IdEntidadOrigen()
FNDA:220,get_TipoEntidadOrigen()
FNDA:212,get_FechaCreacionDocumento()
FNDA:148,get_FechaActualizacionDocumento()
FNDA:84,get_FechaEliminacionDocumento()
FNDA:40,CrearNuevoDocumento(System.String,System.String,DocumentosAPI.Domain.Enums.ExtensionArchivo,System.Int64,DocumentosAPI.Domain.Enums.TipoDocumento,System.Nullable`1<System.Int64>,System.Nullable`1<DocumentosAPI.Domain.Enums.TipoEntidadOrigen>)
FNDA:8,ReemplazarArchivoDocumento(System.String,DocumentosAPI.Domain.Enums.ExtensionArchivo,System.Int64)
FNDA:0,EliminarDocumentoLogicamente()
FNDA:84,ReconstruirDocumento(DocumentosAPI.Domain.Entities.DocumentoReconstruccionParams)
FNDA:372,.ctor()
FNF:17
FNH:16
BRF:0
BRH:0
DA:7,228
DA:8,344
DA:9,312
DA:10,236
DA:11,228
DA:12,220
DA:13,240
DA:14,220
DA:15,220
DA:16,212
DA:17,148
DA:18,84
DA:20,372
DA:30,40
DA:31,40
DA:32,40
DA:33,40
DA:34,40
DA:35,40
DA:36,40
DA:37,40
DA:38,40
DA:39,40
DA:40,40
DA:41,40
DA:42,40
DA:43,40
DA:44,40
DA:50,8
DA:51,8
DA:52,8
DA:53,8
DA:54,8
DA:55,8
DA:58,0
DA:59,0
DA:60,0
DA:61,0
DA:64,84
DA:65,84
DA:66,84
DA:67,84
DA:68,84
DA:69,84
DA:70,84
DA:71,84
DA:72,84
DA:73,84
DA:74,84
DA:75,84
DA:76,84
DA:77,84
DA:78,84
DA:79,84
DA:80,84
LH:51
LF:55
end_of_record
SF:C:\Users\Ghost\OneDrive\Escritorio\ITD\Semestre 9\Topicos selectos de app interactivas\Documentos.API\src\DocumentosAPI.Domain\Entities\DocumentoReconstruidoParams.cs
FN:7,get_Id()
FN:8,get_NombreArchivo()
FN:9,get_ContenidoBase64()
FN:10,get_ExtensionArchivo()
FN:11,get_TamanoArchivoBytes()
FN:12,get_TipoDocumento()
FN:13,get_EstadoDocumento()
FN:14,get_IdEntidadOrigen()
FN:15,get_TipoEntidadOrigen()
FN:16,get_FechaCreacionDocumento()
FN:17,get_FechaActualizacionDocumento()
FN:18,get_FechaEliminacionDocumento()
FNDA:168,get_Id()
FNDA:252,get_NombreArchivo()
FNDA:252,get_ContenidoBase64()
FNDA:168,get_ExtensionArchivo()
FNDA:168,get_TamanoArchivoBytes()
FNDA:168,get_TipoDocumento()
FNDA:168,get_EstadoDocumento()
FNDA:168,get_IdEntidadOrigen()
FNDA:168,get_TipoEntidadOrigen()
FNDA:168,get_FechaCreacionDocumento()
FNDA:168,get_FechaActualizacionDocumento()
FNDA:168,get_FechaEliminacionDocumento()
FNF:12
FNH:12
BRF:0
BRH:0
DA:7,168
DA:8,252
DA:9,252
DA:10,168
DA:11,168
DA:12,168
DA:13,168
DA:14,168
DA:15,168
DA:16,168
DA:17,168
DA:18,168
LH:12
LF:12
end_of_record
SF:C:\Users\Ghost\OneDrive\Escritorio\ITD\Semestre 9\Topicos selectos de app interactivas\Documentos.API\src\DocumentosAPI.Domain\Exceptions\DocumentoNoEncontradoException.cs
FN:6,.ctor(System.Guid)
FNDA:12,.ctor(System.Guid)
FNF:1
FNH:1
BRF:0
BRH:0
DA:6,12
DA:7,24
LH:2
LF:2
end_of_record
SF:C:\Users\Ghost\OneDrive\Escritorio\ITD\Semestre 9\Topicos selectos de app interactivas\Documentos.API\src\DocumentosAPI.Domain\Exceptions\DocumentoYaEliminadoException.cs
FN:6,.ctor(System.Guid)
FNDA:8,.ctor(System.Guid)
FNF:1
FNH:1
BRF:0
BRH:0
DA:6,8
DA:7,16
LH:2
LF:2
end_of_record
SF:C:\Users\Ghost\OneDrive\Escritorio\ITD\Semestre 9\Topicos selectos de app interactivas\Documentos.API\src\DocumentosAPI.Infrastructure\BD\Context\AppDbContext.cs
FN:15,get_Documentos()
FN:16,get_CatTiposDocumento()
FN:17,get_CatEstadosDocumento()
FN:20,OnModelCreating(Microsoft.EntityFrameworkCore.ModelBuilder)
FN:31,ConfigurarTablaDocumentos(Microsoft.EntityFrameworkCore.ModelBuilder)
FN:98,ConfigurarTablaCatTiposDocumento(Microsoft.EntityFrameworkCore.ModelBuilder)
FN:120,ConfigurarTablaCatEstadosDocumento(Microsoft.EntityFrameworkCore.ModelBuilder)
FN:9,.ctor(Microsoft.EntityFrameworkCore.DbContextOptions`1<DocumentosAPI.Infrastructure.BD.Context.AppDbContext>)
FN:13,.ctor(Microsoft.EntityFrameworkCore.DbContextOptions)
FNDA:183,get_Documentos()
FNDA:93,get_CatTiposDocumento()
FNDA:93,get_CatEstadosDocumento()
FNDA:3,OnModelCreating(Microsoft.EntityFrameworkCore.ModelBuilder)
FNDA:3,ConfigurarTablaDocumentos(Microsoft.EntityFrameworkCore.ModelBuilder)
FNDA:3,ConfigurarTablaCatTiposDocumento(Microsoft.EntityFrameworkCore.ModelBuilder)
FNDA:3,ConfigurarTablaCatEstadosDocumento(Microsoft.EntityFrameworkCore.ModelBuilder)
FNDA:261,.ctor(Microsoft.EntityFrameworkCore.DbContextOptions`1<DocumentosAPI.Infrastructure.BD.Context.AppDbContext>)
FNDA:0,.ctor(Microsoft.EntityFrameworkCore.DbContextOptions)
FNF:9
FNH:8
BRF:0
BRH:0
DA:9,261
DA:13,0
DA:15,183
DA:16,93
DA:17,93
DA:20,3
DA:21,3
DA:23,3
DA:24,3
DA:25,3
DA:27,3
DA:28,3
DA:31,3
DA:32,3
DA:33,3
DA:34,3
DA:35,3
DA:36,3
DA:37,3
DA:38,3
DA:39,3
DA:40,3
DA:41,3
DA:42,3
DA:43,3
DA:44,3
DA:45,3
DA:46,3
DA:47,3
DA:48,3
DA:49,3
DA:50,3
DA:51,3
DA:52,3
DA:53,3
DA:54,3
DA:55,3
DA:56,3
DA:57,3
DA:58,3
DA:59,3
DA:60,3
DA:61,3
DA:62,3
DA:63,3
DA:64,3
DA:65,3
DA:66,3
DA:67,3
DA:68,3
DA:69,3
DA:70,3
DA:71,3
DA:72,3
DA:73,3
DA:74,3
DA:75,3
DA:76,3
DA:77,3
DA:78,3
DA:79,3
DA:80,3
DA:81,3
DA:82,3
DA:83,3
DA:84,3
DA:85,3
DA:86,3
DA:87,3
DA:88,3
DA:89,3
DA:90,3
DA:91,3
DA:92,3
DA:93,3
DA:94,6
DA:95,3
DA:98,3
DA:99,3
DA:100,3
DA:101,3
DA:102,3
DA:103,3
DA:104,3
DA:105,3
DA:106,3
DA:107,3
DA:108,3
DA:109,3
DA:110,3
DA:111,3
DA:112,3
DA:113,3
DA:114,3
DA:115,3
DA:116,6
DA:117,3
DA:120,3
DA:121,3
DA:122,3
DA:123,3
DA:124,3
DA:125,3
DA:126,3
DA:127,3
DA:128,3
DA:129,3
DA:130,3
DA:131,3
DA:132,3
DA:133,3
DA:134,6
DA:135,3
LH:112
LF:113
end_of_record
SF:C:\Users\Ghost\OneDrive\Escritorio\ITD\Semestre 9\Topicos selectos de app interactivas\Documentos.API\src\DocumentosAPI.Infrastructure\BD\Entities\CatEstadoDocumento.cs
FN:5,get_Id()
FN:6,get_NombreEstadoDocumento()
FN:8,get_Documentos()
FNDA:6,get_Id()
FNDA:6,get_NombreEstadoDocumento()
FNDA:0,get_Documentos()
FNF:3
FNH:2
BRF:0
BRH:0
DA:5,6
DA:6,6
DA:8,0
LH:2
LF:3
end_of_record
SF:C:\Users\Ghost\OneDrive\Escritorio\ITD\Semestre 9\Topicos selectos de app interactivas\Documentos.API\src\DocumentosAPI.Infrastructure\BD\Entities\CatTiposDocumentos.cs
FN:5,get_Id()
FN:6,get_NombreTipoDocumento()
FN:7,get_DescripcionTipo()
FN:9,get_Documentos()
FNDA:9,get_Id()
FNDA:9,get_NombreTipoDocumento()
FNDA:9,get_DescripcionTipo()
FNDA:0,get_Documentos()
FNF:4
FNH:3
BRF:0
BRH:0
DA:5,9
DA:6,9
DA:7,9
DA:9,0
LH:3
LF:4
end_of_record
SF:C:\Users\Ghost\OneDrive\Escritorio\ITD\Semestre 9\Topicos selectos de app interactivas\Documentos.API\src\DocumentosAPI.Infrastructure\BD\Entities\DocumentoEntity.cs
FN:5,get_Id()
FN:6,get_NombreArchivo()
FN:7,get_ContenidoBase64()
FN:8,get_ExtensionArchivo()
FN:9,get_TamanoArchivoBytes()
FN:10,get_IdTipoDocumento()
FN:11,get_IdEstadoDocumento()
FN:12,get_IdEntidadOrigen()
FN:13,get_TipoEntidadOrigen()
FN:14,get_FechaCreacionDocumento()
FN:15,get_FechaActualizacionDocumento()
FN:16,get_FechaEliminacionDocumento()
FN:18,get_CatTipoDocumento()
FN:19,get_CatEstadoDocumento()
FNDA:93,get_Id()
FNDA:150,get_NombreArchivo()
FNDA:156,get_ContenidoBase64()
FNDA:219,get_ExtensionArchivo()
FNDA:99,get_TamanoArchivoBytes()
FNDA:93,get_IdTipoDocumento()
FNDA:102,get_IdEstadoDocumento()
FNDA:93,get_IdEntidadOrigen()
FNDA:153,get_TipoEntidadOrigen()
FNDA:93,get_FechaCreacionDocumento()
FNDA:99,get_FechaActualizacionDocumento()
FNDA:102,get_FechaEliminacionDocumento()
FNDA:57,get_CatTipoDocumento()
FNDA:57,get_CatEstadoDocumento()
FNF:14
FNH:14
BRF:0
BRH:0
DA:5,93
DA:6,150
DA:7,156
DA:8,219
DA:9,99
DA:10,93
DA:11,102
DA:12,93
DA:13,153
DA:14,93
DA:15,99
DA:16,102
DA:18,57
DA:19,57
LH:14
LF:14
end_of_record
SF:C:\Users\Ghost\OneDrive\Escritorio\ITD\Semestre 9\Topicos selectos de app interactivas\Documentos.API\src\DocumentosAPI.Infrastructure\BD\Repositories\DocumentoRepository.cs
FN:85,MapearADocumentoDomain(DocumentosAPI.Infrastructure.BD.Entities.DocumentoEntity)
FN:14,.ctor(DocumentosAPI.Infrastructure.BD.Context.AppDbContext)
FN:55,ActualizarDocumentoAsync()
FN:71,EliminarDocumentoPorIdAsync()
FN:31,GuardarDocumentoAsync()
FN:20,ObtenerDocumentoPorIdAsync()
FNDA:63,MapearADocumentoDomain(DocumentosAPI.Infrastructure.BD.Entities.DocumentoEntity)
FNDA:84,.ctor(DocumentosAPI.Infrastructure.BD.Context.AppDbContext)
FNDA:6,ActualizarDocumentoAsync()
FNDA:9,EliminarDocumentoPorIdAsync()
FNDA:30,GuardarDocumentoAsync()
FNDA:36,ObtenerDocumentoPorIdAsync()
FNF:6
FNH:6
BRDA:86,86,10,3
BRDA:86,86,11,3
BRDA:90,90,12,3
BRDA:90,90,13,-
BRDA:94,94,14,3
BRDA:94,94,15,3
BRDA:94,94,16,-
BRDA:94,94,17,-
BRDA:32,32,18,3
BRDA:32,32,19,3
BRDA:24,24,20,3
BRDA:24,24,21,3
BRF:12
BRH:9
DA:14,84
DA:15,84
DA:16,84
DA:17,84
DA:20,36
DA:21,36
DA:22,36
DA:24,36
DA:25,9
DA:27,27
DA:28,36
DA:31,30
DA:32,30
DA:33,30
DA:34,30
DA:35,30
DA:36,30
DA:37,30
DA:38,30
DA:39,30
DA:40,30
DA:41,30
DA:42,30
DA:43,30
DA:44,30
DA:45,30
DA:46,30
DA:48,30
DA:49,30
DA:51,30
DA:52,30
DA:55,6
DA:56,6
DA:57,6
DA:59,6
DA:60,6
DA:61,6
DA:62,6
DA:64,6
DA:65,6
DA:67,6
DA:68,6
DA:71,9
DA:72,9
DA:73,9
DA:75,9
DA:76,9
DA:78,9
DA:79,9
DA:81,9
DA:82,9
DA:85,63
DA:86,63
DA:87,63
DA:88,63
DA:90,63
DA:91,63
DA:92,63
DA:94,63
DA:95,63
DA:96,63
DA:97,63
DA:98,63
DA:99,63
DA:100,63
DA:101,63
DA:102,63
DA:103,63
DA:104,63
DA:105,63
DA:106,63
DA:107,63
DA:108,63
DA:109,63
LH:74
LF:74
end_of_record
SF:C:\Users\Ghost\OneDrive\Escritorio\ITD\Semestre 9\Topicos selectos de app interactivas\Documentos.API\src\DocumentosAPI.Infrastructure\DependencyInjections\InfrastructureDependencyInjection.cs
FN:13,AgregarInfrastructure(Microsoft.Extensions.DependencyInjection.IServiceCollection)
FN:25,ObtenerCadenaConexion()
FNDA:3,AgregarInfrastructure(Microsoft.Extensions.DependencyInjection.IServiceCollection)
FNDA:3,ObtenerCadenaConexion()
FNF:2
FNH:2
BRDA:26,26,22,3
BRDA:26,26,23,3
BRDA:27,27,24,3
BRDA:27,27,25,3
BRDA:28,28,26,3
BRDA:28,28,27,3
BRDA:29,29,28,3
BRDA:29,29,29,3
BRDA:30,30,30,3
BRDA:30,30,31,3
BRF:10
BRH:10
DA:13,3
DA:14,3
DA:16,3
DA:17,3
DA:19,3
DA:21,3
DA:22,3
DA:25,3
DA:26,3
DA:27,3
DA:28,3
DA:29,3
DA:30,3
DA:32,3
DA:33,3
LH:15
LF:15
end_of_record
SF:C:\Users\Ghost\OneDrive\Escritorio\ITD\Semestre 9\Topicos selectos de app interactivas\Documentos.API\src\DocumentosAPI.Presentation\Controllers\DocumentoController.cs
FN:24,.ctor(DocumentosAPI.Application.Interfaces.IDocumentos,FluentValidation.IValidator`1<DocumentosAPI.Domain.DTOS.Request.DocumentoRequest>,FluentValidation.IValidator`1<DocumentosAPI.Domain.DTOS.Request.DocumentoActualizarRequest>)
FN:58,DescargarDocumentoAsync()
FN:94,EliminarDocumentoAsync()
FN:72,ReemplazarArchivoDocumentoAsync()
FN:38,SubirDocumentoAsync()
FNDA:112,.ctor(DocumentosAPI.Application.Interfaces.IDocumentos,FluentValidation.IValidator`1<DocumentosAPI.Domain.DTOS.Request.DocumentoRequest>,FluentValidation.IValidator`1<DocumentosAPI.Domain.DTOS.Request.DocumentoActualizarRequest>)
FNDA:12,DescargarDocumentoAsync()
FNDA:20,EliminarDocumentoAsync()
FNDA:24,ReemplazarArchivoDocumentoAsync()
FNDA:56,SubirDocumentoAsync()
FNF:5
FNH:5
BRDA:75,75,32,4
BRDA:75,75,33,4
BRDA:41,41,34,4
BRDA:41,41,35,4
BRF:4
BRH:4
DA:24,112
DA:25,112
DA:26,112
DA:27,112
DA:28,112
DA:29,112
DA:30,112
DA:31,112
DA:32,112
DA:38,56
DA:39,56
DA:41,56
DA:42,16
DA:43,16
DA:44,16
DA:45,16
DA:46,16
DA:48,40
DA:50,40
DA:51,40
DA:52,56
DA:58,12
DA:59,12
DA:61,8
DA:62,8
DA:72,24
DA:73,24
DA:75,24
DA:76,8
DA:77,8
DA:78,8
DA:79,8
DA:80,8
DA:82,16
DA:83,16
DA:84,16
DA:86,8
DA:87,16
DA:94,20
DA:95,20
DA:97,12
DA:98,12
LH:42
LF:42
end_of_record
SF:C:\Users\Ghost\OneDrive\Escritorio\ITD\Semestre 9\Topicos selectos de app interactivas\Documentos.API\src\DocumentosAPI.Presentation\Middleware\ErrorHandling.cs
FN:11,.ctor(Microsoft.AspNetCore.Http.RequestDelegate)
FN:17,InvokeAsync()
FN:29,ManejarExcepcionAsync()
FNDA:4,.ctor(Microsoft.AspNetCore.Http.RequestDelegate)
FNDA:112,InvokeAsync()
FNDA:20,ManejarExcepcionAsync()
FNF:3
FNH:3
BRDA:33,33,36,4
BRDA:33,33,37,4
BRDA:33,33,38,4
BRDA:33,33,39,-
BRDA:47,47,40,-
BRDA:47,47,41,-
BRDA:47,47,42,-
BRDA:47,47,43,-
BRF:8
BRH:3
DA:11,4
DA:12,4
DA:13,4
DA:14,4
DA:17,112
DA:19,112
DA:20,112
DA:21,92
DA:22,20
DA:23,20
DA:24,20
DA:25,20
DA:26,112
DA:29,20
DA:33,20
DA:36,12
DA:37,12
DA:38,12
DA:41,8
DA:42,8
DA:43,8
DA:46,0
DA:47,0
DA:48,0
DA:51,20
DA:52,20
DA:54,20
DA:55,20
DA:56,20
DA:57,20
DA:58,20
DA:59,20
DA:61,20
DA:63,20
DA:64,20
LH:32
LF:35
end_of_record
SF:C:\Users\Ghost\OneDrive\Escritorio\ITD\Semestre 9\Topicos selectos de app interactivas\Documentos.API\src\DocumentosAPI.Presentation\Program.cs
FN:48,.ctor()
FN:5,<Main>$()
FNDA:0,.ctor()
FNDA:4,<Main>$()
FNF:2
FNH:1
BRDA:30,30,44,4
BRDA:30,30,45,-
BRF:2
BRH:1
DA:5,4
DA:7,4
DA:8,4
DA:10,4
DA:12,4
DA:13,4
DA:14,4
DA:15,4
DA:16,4
DA:17,0
DA:18,0
DA:19,0
DA:20,0
DA:21,0
DA:22,0
DA:23,0
DA:24,4
DA:26,4
DA:28,4
DA:30,4
DA:31,0
DA:32,0
DA:33,0
DA:34,0
DA:35,0
DA:36,0
DA:37,0
DA:38,0
DA:40,4
DA:41,4
DA:42,4
DA:44,4
DA:48,0
LH:17
LF:33
end_of_record
